<?xml version="1.0" encoding="UTF-8"?>
<!-- Generated by org.testng.reporters.JUnitReportReporter -->
<testsuite hostname="DESKTOP-4HRJJAG" failures="0" tests="1" name="demopackage.LoginTest" time="3.349" errors="0" timestamp="2025-08-20T11:18:36 IST" skipped="0">
  <testcase classname="demopackage.LoginTest" name="loginWithValidCredentials" time="3.349"/>
</testsuite> <!-- demopackage.LoginTest -->
