<?xml version="1.0" encoding="UTF-8"?>
<!-- Generated by org.testng.reporters.JUnitReportReporter -->
<testsuite hostname="DESKTOP-4HRJJAG" failures="0" tests="2" name="demopackage.ManageNewsTest" time="16.895" errors="0" timestamp="2025-08-20T11:18:36 IST" skipped="0">
  <testcase classname="demopackage.ManageNewsTest" name="manageNews" time="6.326"/>
  <testcase classname="demopackage.ManageNewsTest" name="newsUpdate" time="10.569"/>
</testsuite> <!-- demopackage.ManageNewsTest -->
