<?xml version="1.0" encoding="UTF-8"?>
<!-- Generated by org.testng.reporters.JUnitReportReporter -->
<testsuite hostname="DESKTOP-4HRJJAG" failures="0" tests="4" name="demopackage.Login" time="13.903" errors="0" timestamp="2025-08-14T22:24:08 IST" skipped="0">
  <testcase classname="demopackage.Login" name="Loginusercorrect" time="3.657"/>
  <testcase classname="demopackage.Login" name="Loginpassccorrect" time="3.078"/>
  <testcase classname="demopackage.Login" name="loginbothCorrect" time="3.039"/>
  <testcase classname="demopackage.Login" name="loginBothincorrect" time="4.129"/>
</testsuite> <!-- demopackage.Login -->
