<?xml version="1.0" encoding="UTF-8"?>
<!-- Generated by org.testng.reporters.JUnitReportReporter -->
<testsuite hostname="DESKTOP-4HRJJAG" failures="0" tests="4" name="demopackage.LoginTest" time="15.332" errors="0" timestamp="2025-08-04T10:49:25 IST" skipped="0">
  <testcase classname="demopackage.LoginTest" name="loginBothincorrect" time="4.737"/>
  <testcase classname="demopackage.LoginTest" name="loginbothCorrect" time="3.618"/>
  <testcase classname="demopackage.LoginTest" name="Loginpassccorrect" time="2.910"/>
  <testcase classname="demopackage.LoginTest" name="Loginusercorrect" time="4.067"/>
</testsuite> <!-- demopackage.LoginTest -->
