<?xml version="1.0" encoding="UTF-8"?>
<!-- Generated by org.testng.reporters.JUnitReportReporter -->
<testsuite hostname="DESKTOP-4HRJJAG" failures="0" tests="1" name="demopackage.LoginTest1" time="4.827" errors="0" timestamp="2025-08-12T11:14:10 IST" skipped="0">
  <testcase classname="demopackage.LoginTest1" name="logintest1" time="4.827"/>
</testsuite> <!-- demopackage.LoginTest1 -->
